<?xml version="1.0" encoding="UTF-8"?>
<!-- Generated by org.testng.reporters.JUnitReportReporter -->
<testsuite name="com.onpe.testng.DistritoTest" tests="4" time="0.532" ignored="0" failures="0" timestamp="10 jun 2018 15:37:35 GMT" skipped="0" hostname="WIN-NO5VUV5PR36" errors="0">
  <testcase name="addDistrito" time="0.327" classname="com.onpe.testng.DistritoTest"/>
  <testcase name="updateDistrito" time="0.126" classname="com.onpe.testng.DistritoTest"/>
  <testcase name="deleteDistrito" time="0.032" classname="com.onpe.testng.DistritoTest"/>
  <testcase name="readDistrito" time="0.047" classname="com.onpe.testng.DistritoTest"/>
</testsuite> <!-- com.onpe.testng.DistritoTest -->
