<?xml version="1.0" encoding="UTF-8"?>
<!-- Generated by org.testng.reporters.JUnitReportReporter -->
<testsuite name="com.onpe.testng.PartidoPoliticoTest" tests="1" time="0.343" ignored="0" failures="0" timestamp="11 jun 2018 01:39:08 GMT" skipped="0" hostname="WIN-NO5VUV5PR36" errors="0">
  <testcase name="addPartidoPolitico" time="0.343" classname="com.onpe.testng.PartidoPoliticoTest"/>
</testsuite> <!-- com.onpe.testng.PartidoPoliticoTest -->
