<?xml version="1.0" encoding="UTF-8"?>
<!-- Generated by org.testng.reporters.JUnitReportReporter -->
<testsuite name="com.onpe.testng.UsuarioTest" tests="4" time="0.265" ignored="0" failures="0" timestamp="11 jun 2018 02:58:02 GMT" skipped="0" hostname="WIN-NO5VUV5PR36" errors="0">
  <testcase name="updateUsuario" time="0.062" classname="com.onpe.testng.UsuarioTest"/>
  <testcase name="deleteUsuario" time="0.063" classname="com.onpe.testng.UsuarioTest"/>
  <testcase name="addUsuario" time="0.109" classname="com.onpe.testng.UsuarioTest"/>
  <testcase name="readUsuario" time="0.031" classname="com.onpe.testng.UsuarioTest"/>
</testsuite> <!-- com.onpe.testng.UsuarioTest -->
