<?xml version="1.0" encoding="UTF-8"?>
<!-- Generated by org.testng.reporters.JUnitReportReporter -->
<testsuite name="com.onpe.testng.PartidoPoliticoTest" tests="4" time="0.516" ignored="0" failures="0" timestamp="11 jun 2018 04:37:21 GMT" skipped="0" hostname="WIN-NO5VUV5PR36" errors="0">
  <testcase name="deletePartidoPolitico" time="0.031" classname="com.onpe.testng.PartidoPoliticoTest"/>
  <testcase name="addPartidoPolitico" time="0.344" classname="com.onpe.testng.PartidoPoliticoTest"/>
  <testcase name="updatePartidoPolitico" time="0.094" classname="com.onpe.testng.PartidoPoliticoTest"/>
  <testcase name="readPartidoPolitico" time="0.047" classname="com.onpe.testng.PartidoPoliticoTest"/>
</testsuite> <!-- com.onpe.testng.PartidoPoliticoTest -->
