<?xml version="1.0" encoding="UTF-8"?>
<!-- Generated by org.testng.reporters.JUnitReportReporter -->
<testsuite name="com.onpe.testng.PartidoPoliticoTest" tests="4" time="0.408" ignored="0" failures="0" timestamp="11 jun 2018 02:34:41 GMT" skipped="0" hostname="WIN-NO5VUV5PR36" errors="0">
  <testcase name="readPartidoPolitico" time="0.062" classname="com.onpe.testng.PartidoPoliticoTest"/>
  <testcase name="updatePartidoPolitico" time="0.096" classname="com.onpe.testng.PartidoPoliticoTest"/>
  <testcase name="deletePartidoPolitico" time="0.000" classname="com.onpe.testng.PartidoPoliticoTest"/>
  <testcase name="addPartidoPolitico" time="0.250" classname="com.onpe.testng.PartidoPoliticoTest"/>
</testsuite> <!-- com.onpe.testng.PartidoPoliticoTest -->
