<?xml version="1.0" encoding="UTF-8"?>
<!-- Generated by org.testng.reporters.JUnitReportReporter -->
<testsuite name="com.onpe.testng.DistritoTest" tests="4" time="0.093" ignored="0" failures="0" timestamp="11 jun 2018 02:34:41 GMT" skipped="0" hostname="WIN-NO5VUV5PR36" errors="0">
  <testcase name="deleteDistrito" time="0.015" classname="com.onpe.testng.DistritoTest"/>
  <testcase name="readDistrito" time="0.016" classname="com.onpe.testng.DistritoTest"/>
  <testcase name="addDistrito" time="0.031" classname="com.onpe.testng.DistritoTest"/>
  <testcase name="updateDistrito" time="0.031" classname="com.onpe.testng.DistritoTest"/>
</testsuite> <!-- com.onpe.testng.DistritoTest -->
