<?xml version="1.0" encoding="UTF-8"?>
<!-- Generated by org.testng.reporters.JUnitReportReporter -->
<testsuite name="com.onpe.testng.UsuarioTest" tests="4" time="0.171" ignored="0" failures="0" timestamp="11 jun 2018 04:37:21 GMT" skipped="0" hostname="WIN-NO5VUV5PR36" errors="0">
  <testcase name="readUsuario" time="0.016" classname="com.onpe.testng.UsuarioTest"/>
  <testcase name="updateUsuario" time="0.015" classname="com.onpe.testng.UsuarioTest"/>
  <testcase name="deleteUsuario" time="0.062" classname="com.onpe.testng.UsuarioTest"/>
  <testcase name="addUsuario" time="0.078" classname="com.onpe.testng.UsuarioTest"/>
</testsuite> <!-- com.onpe.testng.UsuarioTest -->
